<?xml version="1.0" encoding="UTF-8"?>
<testng-results skipped="0" failed="0" ignored="0" total="0" passed="0">
  <reporter-output>
  </reporter-output>
  <suite name="com.qa.tabsquare.RunCukesTest" duration-ms="9" started-at="2022-04-11T22:20:06 IST" finished-at="2022-04-11T22:20:06 IST">
    <groups>
    </groups>
    <test name="Command line test" duration-ms="9" started-at="2022-04-11T22:20:06 IST" finished-at="2022-04-11T22:20:06 IST">
    </test> <!-- Command line test -->
  </suite> <!-- com.qa.tabsquare.RunCukesTest -->
</testng-results>
