<?xml version="1.0" encoding="UTF-8" ?>
<testsuite tests="6" failures="0" name="com.qa.tabsquare.RunCukesTest" time="1.813" errors="0" skipped="2">
  <properties>
[...]
</properties>
  <testcase classname="Scenario: User is able to checkout successfully" name="Given I am on the login page" time="0.007"/>
  <testcase classname="Scenario: User is able to checkout successfully" name="When I logged in with below detail" time="0"/>
  <testcase classname="Scenario: User is able to checkout successfully" name="And I click on login button" time="0"/>
  <testcase classname="Scenario: User is able to checkout successfully" name="Then I am on the ordertype page" time="0.004">
    <skipped/>
  </testcase>
  <testcase classname="Scenario: User is able to checkout successfully" name="Scenario: User is able to checkout successfully" time="0.901">
    <skipped/>
  </testcase>
  <testcase classname="Scenario: User is able to checkout successfully" name="Scenario: User is able to checkout successfully" time="0.901"/>
</testsuite>